2021-01-31 18:50:51,894 INFO RPC interface 'supervisor' initialized
2021-01-31 18:50:51,894 CRIT Server 'unix_http_server' running without any HTTP authentication checking
2021-01-31 18:50:51,895 INFO daemonizing the supervisord process
2021-01-31 18:50:51,895 INFO supervisord started with pid 19847
2021-01-31 18:50:52,896 INFO spawned: 'redis' with pid 19875
2021-01-31 18:50:52,909 INFO exited: redis (exit status 1; not expected)
2021-01-31 18:50:53,911 INFO spawned: 'redis' with pid 19901
2021-01-31 18:50:53,917 INFO exited: redis (exit status 1; not expected)
2021-01-31 18:50:55,919 INFO spawned: 'redis' with pid 19970
2021-01-31 18:50:55,924 INFO exited: redis (exit status 1; not expected)
2021-01-31 18:50:58,928 INFO spawned: 'redis' with pid 20041
2021-01-31 18:50:58,933 INFO exited: redis (exit status 1; not expected)
2021-01-31 18:50:58,933 INFO gave up: redis entered FATAL state, too many start retries too quickly
2021-01-31 18:53:04,626 INFO spawned: 'redis' with pid 30255
2021-01-31 18:53:06,635 INFO success: redis entered RUNNING state, process has stayed up for > than 2 seconds (startsecs)
2021-01-31 19:17:03,654 INFO waiting for redis to stop
2021-01-31 19:17:03,744 INFO stopped: redis (exit status 0)
2021-01-31 19:17:22,435 INFO RPC interface 'supervisor' initialized
2021-01-31 19:17:22,435 CRIT Server 'unix_http_server' running without any HTTP authentication checking
2021-01-31 19:17:22,436 INFO daemonizing the supervisord process
2021-01-31 19:17:22,436 INFO supervisord started with pid 9954
2021-01-31 19:17:23,438 INFO spawned: 'redis' with pid 9979
2021-01-31 19:17:25,447 INFO success: redis entered RUNNING state, process has stayed up for > than 2 seconds (startsecs)
2021-01-31 22:25:07,908 INFO waiting for redis to stop
2021-01-31 22:25:07,974 INFO stopped: redis (exit status 0)
